Arguments: 
  C:\Program Files\nodejs\node.exe c:\Users\jdavidson\AppData\Roaming\npm\node_modules\yarn\bin\yarn.js add -gh-pages

PATH: 
  C:\Anaconda3;C:\Anaconda3\Library\mingw-w64\bin;C:\Anaconda3\Library\usr\bin;C:\Anaconda3\Library\bin;C:\Anaconda3\Scripts;C:\Program Files\Docker\Docker\Resources\bin;C:\WINDOWS\system32;C:\WINDOWS;C:\WINDOWS\System32\Wbem;C:\WINDOWS\System32\WindowsPowerShell\v1.0\;C:\Program Files\Git\cmd;C:\Program Files\Microsoft SQL Server\120\DTS\Binn\;C:\Program Files\Microsoft SQL Server\Client SDK\ODBC\110\Tools\Binn\;C:\Program Files (x86)\Microsoft SQL Server\120\Tools\Binn\;C:\Program Files\Microsoft SQL Server\120\Tools\Binn\;C:\Program Files (x86)\Microsoft SQL Server\120\Tools\Binn\ManagementStudio\;C:\Program Files (x86)\Microsoft SQL Server\120\DTS\Binn\;C:\Program Files\Microsoft SQL Server\130\Tools\Binn\;C:\Users\username\AppData\Roaming\npm;C:\ProgramData\chocolatey\bin;C:\Program Files\Microsoft\Web Platform Installer\;c:\Program Files (x86)\Microsoft ASP.NET\ASP.NET Web Pages\v1.0\;C:\Program Files\Microsoft SQL Server\110\Tools\Binn\;C:\Ruby23-x64\bin\;C:\Program Files\Microsoft DNX\Dnvm\;C:\Strawberry\c\bin;C:\Strawberry\perl\site\bin;C:\Strawberry\perl\bin;C:\Program Files\PuTTY\;C:\Program Files\Java\jdk1.8.0_131\bin;C:\HashiCorp\Vagrant\bin;C:\curl\bin;C:\Program Files\packer_1.0.2_windows_amd64;C:\MinGW\bin;C:\Program Files\Oracle\VirtualBox;C:\Program Files\Puppet Labs\Puppet\bin;C:\Program Files (x86)\Windows Kits\8.1\Windows Performance Toolkit\;C:\Program Files (x86)\Microsoft Emulator Manager\1.0\;C:\Program Files\dotnet\;C:\Users\jdavidson\AppData\Local\Microsoft\dotnet\;C:\Exercism;C:\Program Files (x86)\AG\;C:\Users\jdavidson\AppData\Local\Programs\Microsoft VS Code\bin;C:\Program Files\doxygen\bin;C:\Program Files\MiKTeX 2.9\miktex\bin\x64\;C:\WINDOWS\System32\OpenSSH\;C:\Program Files\nodejs\;C:\Program Files\emacs\bin;C:\Ruby25-x64\bin;C:\Exercism;C:\Ruby192\bin;C:\Users\jdavidson\.cargo\bin;C:\Users\jdavidson\AppData\Local\Microsoft\WindowsApps;C:\Users\jdavidson\AppData\Local\Programs\Fiddler;C:\Users\jdavidson\AppData\Local\.meteor\;C:\Program Files\Docker Toolbox;C:\Users\jdavidson\AppData\Local\atom\bin;C:\Users\jdavidson\AppData\Local\GitHubDesktop\bin;C:\Users\jdavidson\.dotnet\tools;C:\Users\jdavidson\.dotnet\tools;C:\Program Files (x86)\AG;C:\Users\jdavidson\AppData\Local\Programs\Microsoft VS Code\bin;C:\Users\jdavidson\AppData\Local\Microsoft\WindowsApps;C:\Users\jdavidson;C:\Program Files\heroku\bin;C:\Users\jdavidson\AppData\Roaming\npm;C:\Users\jdavidson\AppData\Local\Yarn\bin

Yarn version: 
  1.13.0

Node version: 
  10.15.1

Platform: 
  win32 x64

Trace: 
  Error: http://registry.npmjs.org/-p: Not found
      at Request.params.callback [as _callback] (c:\Users\jdavidson\AppData\Roaming\npm\node_modules\yarn\lib\cli.js:66255:18)
      at Request.self.callback (c:\Users\jdavidson\AppData\Roaming\npm\node_modules\yarn\lib\cli.js:129397:22)
      at Request.emit (events.js:189:13)
      at Request.<anonymous> (c:\Users\jdavidson\AppData\Roaming\npm\node_modules\yarn\lib\cli.js:130369:10)
      at Request.emit (events.js:189:13)
      at IncomingMessage.<anonymous> (c:\Users\jdavidson\AppData\Roaming\npm\node_modules\yarn\lib\cli.js:130291:12)
      at Object.onceWrapper (events.js:277:13)
      at IncomingMessage.emit (events.js:194:15)
      at endReadableNT (_stream_readable.js:1103:12)
      at process._tickCallback (internal/process/next_tick.js:63:19)

npm manifest: 
  No manifest

yarn manifest: 
  No manifest

Lockfile: 
  # THIS IS AN AUTOGENERATED FILE. DO NOT EDIT THIS FILE DIRECTLY.
  # yarn lockfile v1
